  main.cpp
c:\users\jen\desktop\cst136\cst136srs04\atoll\gps.h(13): error C2429: language feature 'terse static assert' requires compiler flag '/std:c++17'
  c:\users\jen\desktop\cst136\cst136srs04\atoll\gps.h(32): note: see reference to class template instantiation 'GPS::Angle<min,max>' being compiled
c:\users\jen\desktop\cst136\cst136srs04\atoll\location.h(15): error C2079: 'GPS::Location::latitude_' uses undefined class 'GPS::Latitude'
c:\users\jen\desktop\cst136\cst136srs04\atoll\location.h(16): error C2079: 'GPS::Location::longitude_' uses undefined class 'GPS::Longitude'
c:\users\jen\desktop\cst136\cst136srs04\atoll\main.cpp(15): error C2027: use of undefined type 'GPS::Latitude'
  c:\users\jen\desktop\cst136\cst136srs04\atoll\location.h(8): note: see declaration of 'GPS::Latitude'
c:\users\jen\desktop\cst136\cst136srs04\atoll\main.cpp(15): error C2065: 'N': undeclared identifier
c:\users\jen\desktop\cst136\cst136srs04\atoll\main.cpp(15): error C2027: use of undefined type 'GPS::Longitude'
  c:\users\jen\desktop\cst136\cst136srs04\atoll\location.h(9): note: see declaration of 'GPS::Longitude'
c:\users\jen\desktop\cst136\cst136srs04\atoll\main.cpp(15): error C2065: 'E': undeclared identifier
c:\users\jen\desktop\cst136\cst136srs04\atoll\main.cpp(15): error C2440: 'initializing': cannot convert from 'initializer list' to 'GPS::Location'
  c:\users\jen\desktop\cst136\cst136srs04\atoll\main.cpp(15): note: No constructor could take the source type, or constructor overload resolution was ambiguous
c:\users\jen\desktop\cst136\cst136srs04\atoll\main.cpp(16): error C2059: syntax error: 'GPS::Location'
c:\users\jen\desktop\cst136\cst136srs04\atoll\main.cpp(16): error C2143: syntax error: missing ';' before '{'
c:\users\jen\desktop\cst136\cst136srs04\atoll\main.cpp(16): error C2027: use of undefined type 'GPS::Latitude'
  c:\users\jen\desktop\cst136\cst136srs04\atoll\location.h(8): note: see declaration of 'GPS::Latitude'
c:\users\jen\desktop\cst136\cst136srs04\atoll\main.cpp(16): error C2065: 'N': undeclared identifier
c:\users\jen\desktop\cst136\cst136srs04\atoll\main.cpp(16): error C2027: use of undefined type 'GPS::Longitude'
  c:\users\jen\desktop\cst136\cst136srs04\atoll\location.h(9): note: see declaration of 'GPS::Longitude'
c:\users\jen\desktop\cst136\cst136srs04\atoll\main.cpp(16): error C2065: 'W': undeclared identifier
c:\users\jen\desktop\cst136\cst136srs04\atoll\main.cpp(16): error C2143: syntax error: missing ';' before '}'
c:\users\jen\desktop\cst136\cst136srs04\atoll\main.cpp(17): error C2027: use of undefined type 'GPS::Latitude'
  c:\users\jen\desktop\cst136\cst136srs04\atoll\location.h(8): note: see declaration of 'GPS::Latitude'
c:\users\jen\desktop\cst136\cst136srs04\atoll\main.cpp(17): error C2065: 'N': undeclared identifier
c:\users\jen\desktop\cst136\cst136srs04\atoll\main.cpp(17): error C2027: use of undefined type 'GPS::Longitude'
  c:\users\jen\desktop\cst136\cst136srs04\atoll\location.h(9): note: see declaration of 'GPS::Longitude'
c:\users\jen\desktop\cst136\cst136srs04\atoll\main.cpp(17): error C2065: 'E': undeclared identifier
c:\users\jen\desktop\cst136\cst136srs04\atoll\main.cpp(17): error C2440: 'initializing': cannot convert from 'initializer list' to 'GPS::Location'
  c:\users\jen\desktop\cst136\cst136srs04\atoll\main.cpp(17): note: No constructor could take the source type, or constructor overload resolution was ambiguous
c:\users\jen\desktop\cst136\cst136srs04\atoll\main.cpp(18): error C2143: syntax error: missing ';' before 'GPS::Location'
c:\users\jen\desktop\cst136\cst136srs04\atoll\main.cpp(18): error C2027: use of undefined type 'GPS::Latitude'
  c:\users\jen\desktop\cst136\cst136srs04\atoll\location.h(8): note: see declaration of 'GPS::Latitude'
c:\users\jen\desktop\cst136\cst136srs04\atoll\main.cpp(18): error C2065: 'N': undeclared identifier
c:\users\jen\desktop\cst136\cst136srs04\atoll\main.cpp(18): error C2027: use of undefined type 'GPS::Longitude'
  c:\users\jen\desktop\cst136\cst136srs04\atoll\location.h(9): note: see declaration of 'GPS::Longitude'
c:\users\jen\desktop\cst136\cst136srs04\atoll\main.cpp(18): error C2065: 'W': undeclared identifier
c:\users\jen\desktop\cst136\cst136srs04\atoll\main.cpp(18): error C2440: 'initializing': cannot convert from 'initializer list' to 'GPS::Location'
  c:\users\jen\desktop\cst136\cst136srs04\atoll\main.cpp(18): note: No constructor could take the source type, or constructor overload resolution was ambiguous
c:\users\jen\desktop\cst136\cst136srs04\atoll\main.cpp(19): error C2143: syntax error: missing ';' before 'GPS::Location'
c:\users\jen\desktop\cst136\cst136srs04\atoll\main.cpp(19): error C2027: use of undefined type 'GPS::Latitude'
  c:\users\jen\desktop\cst136\cst136srs04\atoll\location.h(8): note: see declaration of 'GPS::Latitude'
c:\users\jen\desktop\cst136\cst136srs04\atoll\main.cpp(19): error C2065: 'N': undeclared identifier
c:\users\jen\desktop\cst136\cst136srs04\atoll\main.cpp(19): error C2027: use of undefined type 'GPS::Longitude'
  c:\users\jen\desktop\cst136\cst136srs04\atoll\location.h(9): note: see declaration of 'GPS::Longitude'
c:\users\jen\desktop\cst136\cst136srs04\atoll\main.cpp(19): error C2065: 'E': undeclared identifier
c:\users\jen\desktop\cst136\cst136srs04\atoll\main.cpp(19): error C2440: 'initializing': cannot convert from 'initializer list' to 'GPS::Location'
  c:\users\jen\desktop\cst136\cst136srs04\atoll\main.cpp(19): note: No constructor could take the source type, or constructor overload resolution was ambiguous
c:\users\jen\desktop\cst136\cst136srs04\atoll\main.cpp(20): error C2143: syntax error: missing ';' before 'GPS::Location'
c:\users\jen\desktop\cst136\cst136srs04\atoll\main.cpp(20): error C2027: use of undefined type 'GPS::Latitude'
  c:\users\jen\desktop\cst136\cst136srs04\atoll\location.h(8): note: see declaration of 'GPS::Latitude'
c:\users\jen\desktop\cst136\cst136srs04\atoll\main.cpp(20): error C2065: 'N': undeclared identifier
c:\users\jen\desktop\cst136\cst136srs04\atoll\main.cpp(20): error C2027: use of undefined type 'GPS::Longitude'
  c:\users\jen\desktop\cst136\cst136srs04\atoll\location.h(9): note: see declaration of 'GPS::Longitude'
c:\users\jen\desktop\cst136\cst136srs04\atoll\main.cpp(20): error C2065: 'E': undeclared identifier
c:\users\jen\desktop\cst136\cst136srs04\atoll\main.cpp(20): error C2440: 'initializing': cannot convert from 'initializer list' to 'GPS::Location'
  c:\users\jen\desktop\cst136\cst136srs04\atoll\main.cpp(20): note: No constructor could take the source type, or constructor overload resolution was ambiguous
c:\users\jen\desktop\cst136\cst136srs04\atoll\main.cpp(21): error C2143: syntax error: missing ';' before 'GPS::Location'
c:\users\jen\desktop\cst136\cst136srs04\atoll\main.cpp(21): error C2027: use of undefined type 'GPS::Latitude'
  c:\users\jen\desktop\cst136\cst136srs04\atoll\location.h(8): note: see declaration of 'GPS::Latitude'
c:\users\jen\desktop\cst136\cst136srs04\atoll\main.cpp(21): error C2065: 'N': undeclared identifier
c:\users\jen\desktop\cst136\cst136srs04\atoll\main.cpp(21): error C2027: use of undefined type 'GPS::Longitude'
  c:\users\jen\desktop\cst136\cst136srs04\atoll\location.h(9): note: see declaration of 'GPS::Longitude'
c:\users\jen\desktop\cst136\cst136srs04\atoll\main.cpp(21): error C2065: 'E': undeclared identifier
c:\users\jen\desktop\cst136\cst136srs04\atoll\main.cpp(21): error C2440: 'initializing': cannot convert from 'initializer list' to 'GPS::Location'
  c:\users\jen\desktop\cst136\cst136srs04\atoll\main.cpp(21): note: No constructor could take the source type, or constructor overload resolution was ambiguous
c:\users\jen\desktop\cst136\cst136srs04\atoll\main.cpp(22): error C2143: syntax error: missing ';' before 'GPS::Location'
c:\users\jen\desktop\cst136\cst136srs04\atoll\main.cpp(22): error C2027: use of undefined type 'GPS::Latitude'
  c:\users\jen\desktop\cst136\cst136srs04\atoll\location.h(8): note: see declaration of 'GPS::Latitude'
c:\users\jen\desktop\cst136\cst136srs04\atoll\main.cpp(22): error C2065: 'N': undeclared identifier
c:\users\jen\desktop\cst136\cst136srs04\atoll\main.cpp(22): error C2027: use of undefined type 'GPS::Longitude'
  c:\users\jen\desktop\cst136\cst136srs04\atoll\location.h(9): note: see declaration of 'GPS::Longitude'
c:\users\jen\desktop\cst136\cst136srs04\atoll\main.cpp(22): error C2065: 'E': undeclared identifier
c:\users\jen\desktop\cst136\cst136srs04\atoll\main.cpp(22): error C2440: 'initializing': cannot convert from 'initializer list' to 'GPS::Location'
  c:\users\jen\desktop\cst136\cst136srs04\atoll\main.cpp(22): note: No constructor could take the source type, or constructor overload resolution was ambiguous
c:\users\jen\desktop\cst136\cst136srs04\atoll\main.cpp(23): error C2143: syntax error: missing ';' before 'GPS::Location'
c:\users\jen\desktop\cst136\cst136srs04\atoll\main.cpp(23): error C2027: use of undefined type 'GPS::Latitude'
  c:\users\jen\desktop\cst136\cst136srs04\atoll\location.h(8): note: see declaration of 'GPS::Latitude'
c:\users\jen\desktop\cst136\cst136srs04\atoll\main.cpp(23): error C2065: 'N': undeclared identifier
c:\users\jen\desktop\cst136\cst136srs04\atoll\main.cpp(23): error C2027: use of undefined type 'GPS::Longitude'
  c:\users\jen\desktop\cst136\cst136srs04\atoll\location.h(9): note: see declaration of 'GPS::Longitude'
c:\users\jen\desktop\cst136\cst136srs04\atoll\main.cpp(23): error C2065: 'E': undeclared identifier
c:\users\jen\desktop\cst136\cst136srs04\atoll\main.cpp(23): error C2440: 'initializing': cannot convert from 'initializer list' to 'GPS::Location'
  c:\users\jen\desktop\cst136\cst136srs04\atoll\main.cpp(23): note: No constructor could take the source type, or constructor overload resolution was ambiguous
c:\users\jen\desktop\cst136\cst136srs04\atoll\main.cpp(24): error C2143: syntax error: missing ';' before 'GPS::Location'
c:\users\jen\desktop\cst136\cst136srs04\atoll\main.cpp(24): error C2027: use of undefined type 'GPS::Latitude'
  c:\users\jen\desktop\cst136\cst136srs04\atoll\location.h(8): note: see declaration of 'GPS::Latitude'
c:\users\jen\desktop\cst136\cst136srs04\atoll\main.cpp(24): error C2065: 'N': undeclared identifier
c:\users\jen\desktop\cst136\cst136srs04\atoll\main.cpp(24): error C2027: use of undefined type 'GPS::Longitude'
  c:\users\jen\desktop\cst136\cst136srs04\atoll\location.h(9): note: see declaration of 'GPS::Longitude'
c:\users\jen\desktop\cst136\cst136srs04\atoll\main.cpp(24): error C2065: 'E': undeclared identifier
c:\users\jen\desktop\cst136\cst136srs04\atoll\main.cpp(24): error C2440: 'initializing': cannot convert from 'initializer list' to 'GPS::Location'
  c:\users\jen\desktop\cst136\cst136srs04\atoll\main.cpp(24): note: No constructor could take the source type, or constructor overload resolution was ambiguous
c:\users\jen\desktop\cst136\cst136srs04\atoll\main.cpp(25): error C2143: syntax error: missing ';' before 'GPS::Location'
c:\users\jen\desktop\cst136\cst136srs04\atoll\main.cpp(25): error C2027: use of undefined type 'GPS::Latitude'
  c:\users\jen\desktop\cst136\cst136srs04\atoll\location.h(8): note: see declaration of 'GPS::Latitude'
c:\users\jen\desktop\cst136\cst136srs04\atoll\main.cpp(25): error C2065: 'N': undeclared identifier
c:\users\jen\desktop\cst136\cst136srs04\atoll\main.cpp(25): error C2027: use of undefined type 'GPS::Longitude'
  c:\users\jen\desktop\cst136\cst136srs04\atoll\location.h(9): note: see declaration of 'GPS::Longitude'
c:\users\jen\desktop\cst136\cst136srs04\atoll\main.cpp(25): error C2065: 'E': undeclared identifier
c:\users\jen\desktop\cst136\cst136srs04\atoll\main.cpp(25): error C2440: 'initializing': cannot convert from 'initializer list' to 'GPS::Location'
  c:\users\jen\desktop\cst136\cst136srs04\atoll\main.cpp(25): note: No constructor could take the source type, or constructor overload resolution was ambiguous
c:\users\jen\desktop\cst136\cst136srs04\atoll\main.cpp(26): error C2143: syntax error: missing ';' before 'GPS::Location'
c:\users\jen\desktop\cst136\cst136srs04\atoll\main.cpp(26): error C2027: use of undefined type 'GPS::Latitude'
  c:\users\jen\desktop\cst136\cst136srs04\atoll\location.h(8): note: see declaration of 'GPS::Latitude'
c:\users\jen\desktop\cst136\cst136srs04\atoll\main.cpp(26): error C2065: 'S': undeclared identifier
c:\users\jen\desktop\cst136\cst136srs04\atoll\main.cpp(26): error C2027: use of undefined type 'GPS::Longitude'
  c:\users\jen\desktop\cst136\cst136srs04\atoll\location.h(9): note: see declaration of 'GPS::Longitude'
c:\users\jen\desktop\cst136\cst136srs04\atoll\main.cpp(26): error C2065: 'E': undeclared identifier
c:\users\jen\desktop\cst136\cst136srs04\atoll\main.cpp(26): error C2440: 'initializing': cannot convert from 'initializer list' to 'GPS::Location'
  c:\users\jen\desktop\cst136\cst136srs04\atoll\main.cpp(26): note: No constructor could take the source type, or constructor overload resolution was ambiguous
c:\users\jen\desktop\cst136\cst136srs04\atoll\main.cpp(27): error C2143: syntax error: missing ';' before '}'
c:\users\jen\desktop\cst136\cst136srs04\atoll\main.cpp(28): error C2059: syntax error: '}'
c:\users\jen\desktop\cst136\cst136srs04\atoll\main.cpp(28): error C2143: syntax error: missing ';' before '}'
c:\users\jen\desktop\cst136\cst136srs04\atoll\main.cpp(30): error C2059: syntax error: '}'
c:\users\jen\desktop\cst136\cst136srs04\atoll\main.cpp(30): error C2143: syntax error: missing ';' before '}'
